2018-07-09 00:49:59,865 INFO o.a.j.u.JMeterUtils: Setting Locale to en_US
2018-07-09 00:49:59,908 INFO o.a.j.JMeter: Loading user properties from: C:\Users\Megha\Desktop\Automation_testing\jmeter\apache-jmeter-3.3\bin\user.properties
2018-07-09 00:49:59,910 INFO o.a.j.JMeter: Loading system properties from: C:\Users\Megha\Desktop\Automation_testing\jmeter\apache-jmeter-3.3\bin\system.properties
2018-07-09 00:49:59,923 INFO o.a.j.JMeter: Copyright (c) 1998-2017 The Apache Software Foundation
2018-07-09 00:49:59,923 INFO o.a.j.JMeter: Version 3.3 r1808647
2018-07-09 00:49:59,923 INFO o.a.j.JMeter: java.version=1.8.0_152
2018-07-09 00:49:59,923 INFO o.a.j.JMeter: java.vm.name=Java HotSpot(TM) 64-Bit Server VM
2018-07-09 00:49:59,925 INFO o.a.j.JMeter: os.name=Windows 7
2018-07-09 00:49:59,925 INFO o.a.j.JMeter: os.arch=amd64
2018-07-09 00:49:59,925 INFO o.a.j.JMeter: os.version=6.1
2018-07-09 00:49:59,925 INFO o.a.j.JMeter: file.encoding=Cp1252
2018-07-09 00:49:59,925 INFO o.a.j.JMeter: Max memory     =536870912
2018-07-09 00:49:59,925 INFO o.a.j.JMeter: Available Processors =4
2018-07-09 00:49:59,935 INFO o.a.j.JMeter: Default Locale=English (United States)
2018-07-09 00:49:59,935 INFO o.a.j.JMeter: JMeter  Locale=English (United States)
2018-07-09 00:49:59,935 INFO o.a.j.JMeter: JMeterHome=C:\Users\Megha\Desktop\Automation_testing\jmeter\apache-jmeter-3.3
2018-07-09 00:49:59,935 INFO o.a.j.JMeter: user.dir  =C:\Users\Megha\.jenkins\workspace\LOSAPTest
2018-07-09 00:49:59,935 INFO o.a.j.JMeter: PWD       =C:\Users\Megha\.jenkins\workspace\LOSAPTest
2018-07-09 00:49:59,938 INFO o.a.j.JMeter: IP: 10.0.0.137 Name: Megha FullName: 10.0.0.137
2018-07-09 00:49:59,943 INFO o.a.j.JMeter: Setting property 'jmeter.reportgenerator.outputdir' to:'C:\Users\Megha\.jenkins\workspace\LOSAPTest\Report'
2018-07-09 00:49:59,953 INFO o.a.j.r.d.ReportGenerator: ReportGenerator will use for Parsing the separator: ','
2018-07-09 00:49:59,953 ERROR o.a.j.JMeter: An error occurred: 
java.lang.IllegalArgumentException: Cannot read test results file : C:\Users\Megha\.jenkins\workspace\LOSAPTest\Reportfile\SummaryReport.csv
	at org.apache.jmeter.report.dashboard.ReportGenerator.<init>(ReportGenerator.java:131) ~[ApacheJMeter_core.jar:3.3 r1808647]
	at org.apache.jmeter.JMeter.start(JMeter.java:516) [ApacheJMeter_core.jar:3.3 r1808647]
	at sun.reflect.NativeMethodAccessorImpl.invoke0(Native Method) ~[?:1.8.0_152]
	at sun.reflect.NativeMethodAccessorImpl.invoke(NativeMethodAccessorImpl.java:62) ~[?:1.8.0_152]
	at sun.reflect.DelegatingMethodAccessorImpl.invoke(DelegatingMethodAccessorImpl.java:43) ~[?:1.8.0_152]
	at java.lang.reflect.Method.invoke(Method.java:498) ~[?:1.8.0_152]
	at org.apache.jmeter.NewDriver.main(NewDriver.java:248) [ApacheJMeter.jar:3.3 r1808647]
