2020-05-12 13:15:21,418 INFO o.a.j.u.JMeterUtils: Setting Locale to en_US
2020-05-12 13:15:21,458 INFO o.a.j.JMeter: Loading user properties from: user.properties
2020-05-12 13:15:21,458 INFO o.a.j.JMeter: Loading system properties from: system.properties
2020-05-12 13:15:21,478 INFO o.a.j.JMeter: Copyright (c) 1998-2017 The Apache Software Foundation
2020-05-12 13:15:21,478 INFO o.a.j.JMeter: Version 3.3 r1808647
2020-05-12 13:15:21,478 INFO o.a.j.JMeter: java.version=1.8.0_241
2020-05-12 13:15:21,478 INFO o.a.j.JMeter: java.vm.name=Java HotSpot(TM) 64-Bit Server VM
2020-05-12 13:15:21,478 INFO o.a.j.JMeter: os.name=Windows 7
2020-05-12 13:15:21,478 INFO o.a.j.JMeter: os.arch=amd64
2020-05-12 13:15:21,478 INFO o.a.j.JMeter: os.version=6.1
2020-05-12 13:15:21,478 INFO o.a.j.JMeter: file.encoding=Cp1252
2020-05-12 13:15:21,478 INFO o.a.j.JMeter: Max memory     =536870912
2020-05-12 13:15:21,478 INFO o.a.j.JMeter: Available Processors =4
2020-05-12 13:15:21,488 INFO o.a.j.JMeter: Default Locale=English (United States)
2020-05-12 13:15:21,488 INFO o.a.j.JMeter: JMeter  Locale=English (United States)
2020-05-12 13:15:21,488 INFO o.a.j.JMeter: JMeterHome=C:\Users\Megha\Documents\git_automation\LEEDOnlinePerformanceTest\jmeter
2020-05-12 13:15:21,488 INFO o.a.j.JMeter: user.dir  =C:\Users\Megha\Documents\git_automation\LEEDOnlinePerformanceTest\jmeter\bin
2020-05-12 13:15:21,488 INFO o.a.j.JMeter: PWD       =C:\Users\Megha\Documents\git_automation\LEEDOnlinePerformanceTest\jmeter\bin
2020-05-12 13:15:21,528 INFO o.a.j.JMeter: IP: 192.168.0.13 Name: Megha FullName: 192.168.0.13
2020-05-12 13:15:22,019 INFO o.a.j.g.a.LookAndFeelCommand: Using look and feel: javax.swing.plaf.metal.MetalLookAndFeel [Metal, CrossPlatform]
2020-05-12 13:15:22,029 INFO o.a.j.JMeter: Loaded icon properties from org/apache/jmeter/images/icon.properties
2020-05-12 13:15:23,497 INFO o.a.j.e.u.CompoundVariable: Note: Function class names must contain the string: '.functions.'
2020-05-12 13:15:23,497 INFO o.a.j.e.u.CompoundVariable: Note: Function class names must not contain the string: '.gui.'
2020-05-12 13:15:25,294 WARN o.j.r.PluginManager: Found JAR conflict: C:\Users\Megha\Documents\git_automation\LEEDOnlinePerformanceTest\jmeter\lib\commons-io-2.6.jar and C:\Users\Megha\Documents\git_automation\LEEDOnlinePerformanceTest\jmeter\lib\commons-io-2.5.jar
2020-05-12 13:15:26,342 INFO k.a.j.JMeterPluginsUtils: JMeter-Plugins.org v.1.4.0
2020-05-12 13:15:26,464 WARN o.a.j.g.u.MenuFactory: Configuration error, probably corrupt or missing third party library(jar) ? Could not create class: kg.apc.jmeter.reporters.LoadosophiaUploaderGui. java.lang.NoClassDefFoundError: org/apache/commons/httpclient/methods/multipart/PartSource
java.lang.NoClassDefFoundError: org/apache/commons/httpclient/methods/multipart/PartSource
	at kg.apc.jmeter.reporters.LoadosophiaUploaderGui.init(LoadosophiaUploaderGui.java:114) ~[JMeterPlugins-Standard.jar:?]
	at kg.apc.jmeter.reporters.LoadosophiaUploaderGui.<init>(LoadosophiaUploaderGui.java:28) ~[JMeterPlugins-Standard.jar:?]
	at sun.reflect.NativeConstructorAccessorImpl.newInstance0(Native Method) ~[?:1.8.0_241]
	at sun.reflect.NativeConstructorAccessorImpl.newInstance(Unknown Source) ~[?:1.8.0_241]
	at sun.reflect.DelegatingConstructorAccessorImpl.newInstance(Unknown Source) ~[?:1.8.0_241]
	at java.lang.reflect.Constructor.newInstance(Unknown Source) ~[?:1.8.0_241]
	at java.lang.Class.newInstance(Unknown Source) ~[?:1.8.0_241]
	at org.apache.jmeter.gui.util.MenuFactory.initializeMenus(MenuFactory.java:505) ~[ApacheJMeter_core.jar:3.3 r1808647]
	at org.apache.jmeter.gui.util.MenuFactory.<clinit>(MenuFactory.java:169) ~[ApacheJMeter_core.jar:3.3 r1808647]
	at org.apache.jmeter.control.gui.TestPlanGui.createPopupMenu(TestPlanGui.java:93) ~[ApacheJMeter_core.jar:3.3 r1808647]
	at org.apache.jmeter.gui.tree.JMeterTreeNode.createPopupMenu(JMeterTreeNode.java:156) ~[ApacheJMeter_core.jar:3.3 r1808647]
	at org.apache.jmeter.gui.action.EditCommand.doAction(EditCommand.java:46) ~[ApacheJMeter_core.jar:3.3 r1808647]
	at org.apache.jmeter.gui.action.ActionRouter.performAction(ActionRouter.java:80) ~[ApacheJMeter_core.jar:3.3 r1808647]
	at org.apache.jmeter.gui.action.ActionRouter.lambda$actionPerformed$0(ActionRouter.java:65) ~[ApacheJMeter_core.jar:3.3 r1808647]
	at java.awt.event.InvocationEvent.dispatch(Unknown Source) [?:1.8.0_241]
	at java.awt.EventQueue.dispatchEventImpl(Unknown Source) [?:1.8.0_241]
	at java.awt.EventQueue.access$500(Unknown Source) [?:1.8.0_241]
	at java.awt.EventQueue$3.run(Unknown Source) [?:1.8.0_241]
	at java.awt.EventQueue$3.run(Unknown Source) [?:1.8.0_241]
	at java.security.AccessController.doPrivileged(Native Method) ~[?:1.8.0_241]
	at java.security.ProtectionDomain$JavaSecurityAccessImpl.doIntersectionPrivilege(Unknown Source) [?:1.8.0_241]
	at java.awt.EventQueue.dispatchEvent(Unknown Source) [?:1.8.0_241]
	at java.awt.EventDispatchThread.pumpOneEventForFilters(Unknown Source) [?:1.8.0_241]
	at java.awt.EventDispatchThread.pumpEventsForFilter(Unknown Source) [?:1.8.0_241]
	at java.awt.EventDispatchThread.pumpEventsForHierarchy(Unknown Source) [?:1.8.0_241]
	at java.awt.EventDispatchThread.pumpEvents(Unknown Source) [?:1.8.0_241]
	at java.awt.EventDispatchThread.pumpEvents(Unknown Source) [?:1.8.0_241]
	at java.awt.EventDispatchThread.run(Unknown Source) [?:1.8.0_241]
Caused by: java.lang.ClassNotFoundException: org.apache.commons.httpclient.methods.multipart.PartSource
	at java.net.URLClassLoader.findClass(Unknown Source) ~[?:1.8.0_241]
	at java.lang.ClassLoader.loadClass(Unknown Source) ~[?:1.8.0_241]
	at java.lang.ClassLoader.loadClass(Unknown Source) ~[?:1.8.0_241]
	... 28 more
2020-05-12 13:15:26,839 INFO o.a.j.g.u.MenuFactory: Skipping org.apache.jmeter.assertions.BSFAssertion
2020-05-12 13:15:27,169 INFO o.a.j.g.u.MenuFactory: Skipping org.apache.jmeter.extractor.BSFPostProcessor
