2018-01-02 10:08:32,047 INFO o.a.j.u.JMeterUtils: Setting Locale to en_US
2018-01-02 10:08:32,067 INFO o.a.j.JMeter: Loading user properties from: user.properties
2018-01-02 10:08:32,068 INFO o.a.j.JMeter: Loading system properties from: system.properties
2018-01-02 10:08:32,078 INFO o.a.j.JMeter: Copyright (c) 1998-2017 The Apache Software Foundation
2018-01-02 10:08:32,078 INFO o.a.j.JMeter: Version 3.3 r1808647
2018-01-02 10:08:32,078 INFO o.a.j.JMeter: java.version=1.8.0_151
2018-01-02 10:08:32,078 INFO o.a.j.JMeter: java.vm.name=Java HotSpot(TM) 64-Bit Server VM
2018-01-02 10:08:32,078 INFO o.a.j.JMeter: os.name=Windows 10
2018-01-02 10:08:32,079 INFO o.a.j.JMeter: os.arch=amd64
2018-01-02 10:08:32,079 INFO o.a.j.JMeter: os.version=10.0
2018-01-02 10:08:32,079 INFO o.a.j.JMeter: file.encoding=Cp1252
2018-01-02 10:08:32,079 INFO o.a.j.JMeter: Max memory     =536870912
2018-01-02 10:08:32,079 INFO o.a.j.JMeter: Available Processors =4
2018-01-02 10:08:32,083 INFO o.a.j.JMeter: Default Locale=English (United States)
2018-01-02 10:08:32,083 INFO o.a.j.JMeter: JMeter  Locale=English (United States)
2018-01-02 10:08:32,083 INFO o.a.j.JMeter: JMeterHome=C:\apache-jmeter-3.3\apache-jmeter-3.3
2018-01-02 10:08:32,083 INFO o.a.j.JMeter: user.dir  =C:\apache-jmeter-3.3\apache-jmeter-3.3\bin
2018-01-02 10:08:32,084 INFO o.a.j.JMeter: PWD       =C:\apache-jmeter-3.3\apache-jmeter-3.3\bin
2018-01-02 10:08:32,086 INFO o.a.j.JMeter: IP: 172.18.0.227 Name: G10GNLT049 FullName: G10GNLT049
2018-01-02 10:08:32,266 INFO o.a.j.e.RemoteJMeterEngineImpl: Starting backing engine on 1099
2018-01-02 10:08:32,266 INFO o.a.j.e.RemoteJMeterEngineImpl: System property 'java.rmi.server.hostname' is not defined, using localHost address
2018-01-02 10:08:32,267 INFO o.a.j.e.RemoteJMeterEngineImpl: Local IP address=172.18.0.227
2018-01-02 10:08:32,268 INFO o.a.j.e.RemoteJMeterEngineImpl: IP address is a site-local address; this may cause problems with remote access.
	Can be overridden by defining the system property 'java.rmi.server.hostname' - see jmeter-server script file
2018-01-02 10:08:32,270 INFO o.a.j.e.RemoteJMeterEngineImpl: Creating RMI registry (server.rmi.create=true)
2018-01-02 10:08:32,274 INFO o.a.j.e.RemoteJMeterEngineImpl: Bound to registry on port 1099
